0 info it worked if it ends with ok
1 verbose cli [ '/usr/local/bin/node',
1 verbose cli   '/usr/local/bin/npm',
1 verbose cli   'install',
1 verbose cli   'learnyounode',
1 verbose cli   '-g' ]
2 info using npm@1.2.14
3 info using node@v0.11.0-pre
4 verbose read json /usr/local/lib/package.json
5 verbose read json /usr/local/lib/package.json
6 verbose cache add [ 'learnyounode', null ]
7 verbose cache add name=undefined spec="learnyounode" args=["learnyounode",null]
8 verbose parsed url { protocol: null,
8 verbose parsed url   slashes: null,
8 verbose parsed url   auth: null,
8 verbose parsed url   host: null,
8 verbose parsed url   port: null,
8 verbose parsed url   hostname: null,
8 verbose parsed url   hash: null,
8 verbose parsed url   search: null,
8 verbose parsed url   query: null,
8 verbose parsed url   pathname: 'learnyounode',
8 verbose parsed url   path: 'learnyounode',
8 verbose parsed url   href: 'learnyounode' }
9 silly lockFile 8d456d9f-learnyounode learnyounode
10 verbose lock learnyounode /home/fafsadev/.npm/8d456d9f-learnyounode.lock
11 silly lockFile 8d456d9f-learnyounode learnyounode
12 silly lockFile 8d456d9f-learnyounode learnyounode
13 verbose addNamed [ 'learnyounode', '' ]
14 verbose addNamed [ null, '' ]
15 silly lockFile a353de34-learnyounode learnyounode@
16 verbose lock learnyounode@ /home/fafsadev/.npm/a353de34-learnyounode.lock
17 silly addNameRange { name: 'learnyounode', range: '', hasData: false }
18 verbose url raw learnyounode
19 verbose url resolving [ 'https://registry.npmjs.org/', './learnyounode' ]
20 verbose url resolved https://registry.npmjs.org/learnyounode
21 info trying registry request attempt 1 at 10:48:45
22 verbose etag "F0E35UTEH62YLMT736O7T4KCX"
23 http GET https://registry.npmjs.org/learnyounode
24 http 304 https://registry.npmjs.org/learnyounode
25 silly registry.get cb [ 304,
25 silly registry.get   { date: 'Mon, 10 Nov 2014 16:49:04 GMT',
25 silly registry.get     server: 'Apache',
25 silly registry.get     via: '1.1 varnish',
25 silly registry.get     'last-modified': 'Mon, 10 Nov 2014 16:49:04 GMT',
25 silly registry.get     'cache-control': 'max-age=60',
25 silly registry.get     etag: '"F0E35UTEH62YLMT736O7T4KCX"',
25 silly registry.get     age: '23',
25 silly registry.get     'x-served-by': 'cache-jfk1025-JFK',
25 silly registry.get     'x-cache': 'HIT',
25 silly registry.get     'x-cache-hits': '1',
25 silly registry.get     'x-timer': 'S1415638144.402593,VS0,VE0',
25 silly registry.get     vary: 'Accept',
25 silly registry.get     'content-length': '0',
25 silly registry.get     'keep-alive': 'timeout=10, max=50',
25 silly registry.get     connection: 'Keep-Alive' } ]
26 verbose etag learnyounode from cache
27 silly addNameRange number 2 { name: 'learnyounode', range: '', hasData: true }
28 silly addNameRange versions [ 'learnyounode',
28 silly addNameRange   [ '0.0.0',
28 silly addNameRange     '0.0.1',
28 silly addNameRange     '0.0.2',
28 silly addNameRange     '0.0.3',
28 silly addNameRange     '0.0.4',
28 silly addNameRange     '0.0.5',
28 silly addNameRange     '0.0.6',
28 silly addNameRange     '0.0.7',
28 silly addNameRange     '0.0.8',
28 silly addNameRange     '0.0.9',
28 silly addNameRange     '0.1.0',
28 silly addNameRange     '0.1.1',
28 silly addNameRange     '0.2.0',
28 silly addNameRange     '0.2.1',
28 silly addNameRange     '0.2.2',
28 silly addNameRange     '0.2.3',
28 silly addNameRange     '0.2.4',
28 silly addNameRange     '0.2.5',
28 silly addNameRange     '0.2.6',
28 silly addNameRange     '0.2.7',
28 silly addNameRange     '0.2.8',
28 silly addNameRange     '0.2.9',
28 silly addNameRange     '0.2.10',
28 silly addNameRange     '0.2.11',
28 silly addNameRange     '0.2.12',
28 silly addNameRange     '0.2.13',
28 silly addNameRange     '0.2.14',
28 silly addNameRange     '0.2.15',
28 silly addNameRange     '0.2.16',
28 silly addNameRange     '0.2.16-mimbug',
28 silly addNameRange     '0.3.0',
28 silly addNameRange     '0.3.1',
28 silly addNameRange     '0.3.2',
28 silly addNameRange     '0.3.3',
28 silly addNameRange     '0.4.0',
28 silly addNameRange     '0.4.1',
28 silly addNameRange     '1.0.0-alpha01',
28 silly addNameRange     '1.0.0',
28 silly addNameRange     '1.0.1',
28 silly addNameRange     '1.0.2',
28 silly addNameRange     '1.0.3',
28 silly addNameRange     '1.0.4',
28 silly addNameRange     '1.0.5',
28 silly addNameRange     '1.0.6' ] ]
29 verbose addNamed [ 'learnyounode', '1.0.6' ]
30 verbose addNamed [ '1.0.6', '1.0.6' ]
31 silly lockFile c5760518-learnyounode-1-0-6 learnyounode@1.0.6
32 verbose lock learnyounode@1.0.6 /home/fafsadev/.npm/c5760518-learnyounode-1-0-6.lock
33 verbose read json /home/fafsadev/.npm/learnyounode/1.0.6/package/package.json
34 silly lockFile c5760518-learnyounode-1-0-6 learnyounode@1.0.6
35 silly lockFile c5760518-learnyounode-1-0-6 learnyounode@1.0.6
36 silly lockFile a353de34-learnyounode learnyounode@
37 silly lockFile a353de34-learnyounode learnyounode@
38 silly resolved [ { name: 'learnyounode',
38 silly resolved     version: '1.0.6',
38 silly resolved     description: 'Learn You The Node.js For Much Win! An intro to Node.js via a set of self-guided workshops.',
38 silly resolved     author:
38 silly resolved      { name: 'Rod Vagg',
38 silly resolved        email: 'rod@vagg.org',
38 silly resolved        url: 'https://github.com/rvagg' },
38 silly resolved     contributors: [ [Object], [Object], [Object], [Object], [Object], [Object] ],
38 silly resolved     repository:
38 silly resolved      { type: 'git',
38 silly resolved        url: 'https://github.com/rvagg/learnyounode.git' },
38 silly resolved     license: 'MIT',
38 silly resolved     dependencies:
38 silly resolved      { workshopper: '^1.0.0-alpha05',
38 silly resolved        'workshopper-exercise': '^0.2.2',
38 silly resolved        'workshopper-wrappedexec': '^0.1.1',
38 silly resolved        'workshopper-boilerplate': '0.0.1',
38 silly resolved        'concat-stream': '^1.4.1',
38 silly resolved        duplexer: '^0.1.1',
38 silly resolved        through: '^2.3.4',
38 silly resolved        boganipsum: '^0.1.0',
38 silly resolved        hyperquest: '^0.2.0',
38 silly resolved        bl: '^0.7.0',
38 silly resolved        'through2-map': '^1.2.1',
38 silly resolved        'colors-tmpl': '^0.1.0',
38 silly resolved        after: '^0.8.1',
38 silly resolved        rimraf: '^2.2.6',
38 silly resolved        chalk: '^0.4.0',
38 silly resolved        through2: '^0.4.1' },
38 silly resolved     bin: { learnyounode: './learnyounode.js' },
38 silly resolved     preferGlobal: true,
38 silly resolved     readme: '# Learn You The Node.js For Much Win!\n\n**An intro to Node.js via a set of self-guided workshops.**\n\n[![NPM](https://nodei.co/npm/learnyounode.png?downloads=true&&downloadRank=true&stars=true)](https://nodei.co/npm/learnyounode/) [![NPM](https://nodei.co/npm-dl/learnyounode.png?months=3&height=3)](https://nodei.co/npm/learnyounode/)\n\n![Learn You The Node.js For Much Win!](https://raw.github.com/rvagg/learnyounode/master/learnyounode.png)\n\n  1. Install [Node.js](http://nodejs.org/)\n  2. Run `sudo npm install learnyounode -g`\n  3. Run `learnyounode`\n  4. **.. profit!**\n\n<b><code>learnyounode</code></b> will run through a series of Node.js workshops. Starting at a basic *"HELLO WORLD"* and moving on to more advanced exercises about dealing with synchronous & asynchronous I/O, filesystem operations, TCP and HTTP networking, events and streams.\n\nOnce you have finished <b><code>learnyounode</code></b>, graduate to <b><code>[stream-adventure](https://github.com/substack/stream-adventure)</code></b> for a set of exercises that dig in to Node\'s streams.\n\n### Contributors\n\n<b><code>learnyounode</code></b> is proudly brought to you by the following hackers:\n\n<table><tbody>\n<tr><th align="left">Rod Vagg</th><td><a href="https://github.com/rvagg">GitHub/rvagg</a></td><td><a href="http://twitter.com/rvagg">Twitter/@rvagg</a></td></tr>\n<tr><th align="left">Andrey Sidorov</th><td><a href="https://github.com/sidorares">GitHub/sidorares</a></td><td><a href="http://twitter.com/sidorares">Twitter/@sidorares</a></td></tr>\n<tr><th align="left">Julián Duque</th><td><a href="https://github.com/julianduque">GitHub/julianduque</a></td><td><a href="http://twitter.com/julian_duque">Twitter/@julian_duque</a></td></tr>\n<tr><th align="left">Lars-Magnus Skog</th><td><a href="https://github.com/ralphtheninja">GitHub/ralphtheninja</a></td><td><a href="http://twitter.com/ralphtheninja">Twitter/@ralphtheninja</a></td></tr>\n<tr><th align="left">Tim Inman</th><td><a href="https://github.com/thehack">GitHub/thehack</a></td><td><a href="http://twitter.com/timinman">Twitter/@timinman</a></td></tr>\n<tr><th align="left">Dan Flettre</th><td><a href="https://github.com/Flet">GitHub/Flet</a></td><td><a href="http://twitter.com/flettre">Twitter/@flettre</a></td></tr>\n</tbody></table>\n\n## License\n\n**learnyounode** is Copyright (c) 2013 Rod Vagg [@rvagg](https://twitter.com/rvagg) and licenced under the MIT licence. All rights not explicitly granted in the MIT license are reserved. See the included LICENSE file for more details.\n\n**learnyounode** builds on the excellent work by [@substack](https://github.com/substack) and [@maxogden](https://github.com/maxogden) who created **[stream-adventure](https://github.com/substack/stream-adventure)** which serves as the original foundation for **learnyounode**.\n',
38 silly resolved     readmeFilename: 'README.md',
38 silly resolved     _id: 'learnyounode@1.0.6',
38 silly resolved     _from: 'learnyounode@' } ]
39 info install learnyounode@1.0.6 into /usr/local/lib
40 info installOne learnyounode@1.0.6
41 verbose from cache /home/fafsadev/.npm/learnyounode/1.0.6/package/package.json
42 info /usr/local/lib/node_modules/learnyounode unbuild
43 verbose read json /usr/local/lib/node_modules/learnyounode/package.json
44 verbose tar unpack /home/fafsadev/.npm/learnyounode/1.0.6/package.tgz
45 silly lockFile 3267a39f-al-lib-node-modules-learnyounode /usr/local/lib/node_modules/learnyounode
46 verbose lock /usr/local/lib/node_modules/learnyounode /home/fafsadev/.npm/3267a39f-al-lib-node-modules-learnyounode.lock
47 silly lockFile 63386c84-m-learnyounode-1-0-6-package-tgz /home/fafsadev/.npm/learnyounode/1.0.6/package.tgz
48 verbose lock /home/fafsadev/.npm/learnyounode/1.0.6/package.tgz /home/fafsadev/.npm/63386c84-m-learnyounode-1-0-6-package-tgz.lock
49 silly gunzTarPerm modes [ '755', '644' ]
50 error Error: EACCES, mkdir '/usr/local/lib/node_modules/learnyounode'
50 error  { [Error: EACCES, mkdir '/usr/local/lib/node_modules/learnyounode']
50 error   errno: 3,
50 error   code: 'EACCES',
50 error   path: '/usr/local/lib/node_modules/learnyounode',
50 error   fstream_type: 'Directory',
50 error   fstream_path: '/usr/local/lib/node_modules/learnyounode',
50 error   fstream_class: 'DirWriter',
50 error   fstream_stack:
50 error    [ '/usr/local/lib/node_modules/npm/node_modules/fstream/lib/dir-writer.js:36:23',
50 error      '/usr/local/lib/node_modules/npm/node_modules/mkdirp/index.js:37:53',
50 error      'Object.oncomplete (fs.js:93:15)' ] }
51 error Please try running this command again as root/Administrator.
52 error System Linux 2.6.32-220.7.1.el6.x86_64
53 error command "/usr/local/bin/node" "/usr/local/bin/npm" "install" "learnyounode" "-g"
54 error cwd /home/fafsadev/Documents/programming/node
55 error node -v v0.11.0-pre
56 error npm -v 1.2.14
57 error path /usr/local/lib/node_modules/learnyounode
58 error fstream_path /usr/local/lib/node_modules/learnyounode
59 error fstream_type Directory
60 error fstream_class DirWriter
61 error code EACCES
62 error errno 3
63 error stack Error: EACCES, mkdir '/usr/local/lib/node_modules/learnyounode'
64 error fstream_stack /usr/local/lib/node_modules/npm/node_modules/fstream/lib/dir-writer.js:36:23
64 error fstream_stack /usr/local/lib/node_modules/npm/node_modules/mkdirp/index.js:37:53
64 error fstream_stack Object.oncomplete (fs.js:93:15)
65 verbose exit [ 3, true ]
